  Gamemain.cpp
f:\c++\game2d\attackgamenew\attackgame\loadresources.h(155): warning C4996: 'sprintf': This function or variable may be unsafe. Consider using sprintf_s instead. To disable deprecation, use _CRT_SECURE_NO_WARNINGS. See online help for details.
  c:\program files (x86)\windows kits\10\include\10.0.17763.0\ucrt\stdio.h(1774): note: 参见“sprintf”的声明
f:\c++\game2d\attackgamenew\attackgame\loadresources.h(156): warning C4996: 'sprintf': This function or variable may be unsafe. Consider using sprintf_s instead. To disable deprecation, use _CRT_SECURE_NO_WARNINGS. See online help for details.
  c:\program files (x86)\windows kits\10\include\10.0.17763.0\ucrt\stdio.h(1774): note: 参见“sprintf”的声明
f:\c++\game2d\attackgamenew\attackgame\loadresources.h(166): warning C4996: 'sprintf': This function or variable may be unsafe. Consider using sprintf_s instead. To disable deprecation, use _CRT_SECURE_NO_WARNINGS. See online help for details.
  c:\program files (x86)\windows kits\10\include\10.0.17763.0\ucrt\stdio.h(1774): note: 参见“sprintf”的声明
f:\c++\game2d\attackgamenew\attackgame\loadresources.h(167): warning C4996: 'sprintf': This function or variable may be unsafe. Consider using sprintf_s instead. To disable deprecation, use _CRT_SECURE_NO_WARNINGS. See online help for details.
  c:\program files (x86)\windows kits\10\include\10.0.17763.0\ucrt\stdio.h(1774): note: 参见“sprintf”的声明
f:\c++\game2d\attackgamenew\attackgame\role.h(105): warning C4996: 'sprintf': This function or variable may be unsafe. Consider using sprintf_s instead. To disable deprecation, use _CRT_SECURE_NO_WARNINGS. See online help for details.
  c:\program files (x86)\windows kits\10\include\10.0.17763.0\ucrt\stdio.h(1774): note: 参见“sprintf”的声明
f:\c++\game2d\attackgamenew\attackgame\role.h(122): warning C4996: 'sprintf': This function or variable may be unsafe. Consider using sprintf_s instead. To disable deprecation, use _CRT_SECURE_NO_WARNINGS. See online help for details.
  c:\program files (x86)\windows kits\10\include\10.0.17763.0\ucrt\stdio.h(1774): note: 参见“sprintf”的声明
f:\c++\game2d\attackgamenew\attackgame\gamemain.cpp(52): warning C4996: 'FlushMouseMsgBuffer': This function is deprecated. Instead, use this new function: flushmessage. See https://docs.easyx.cn/flushmessage for details.
  c:\program files (x86)\microsoft visual studio\2017\community\vc\auxiliary\vs\include\graphics.h(159): note: 参见“FlushMouseMsgBuffer”的声明
f:\c++\game2d\attackgamenew\attackgame\gamemain.cpp(65): warning C4996: 'MouseHit': This function is deprecated.
  c:\program files (x86)\microsoft visual studio\2017\community\vc\auxiliary\vs\include\graphics.h(156): note: 参见“MouseHit”的声明
f:\c++\game2d\attackgamenew\attackgame\gamemain.cpp(66): warning C4996: 'GetMouseMsg': This function is deprecated. Instead, use this new function: getmessage. See https://docs.easyx.cn/getmessage for details.
  c:\program files (x86)\microsoft visual studio\2017\community\vc\auxiliary\vs\include\graphics.h(157): note: 参见“GetMouseMsg”的声明
f:\c++\game2d\attackgamenew\attackgame\gamemain.cpp(120): warning C4996: 'kbhit': The POSIX name for this item is deprecated. Instead, use the ISO C and C++ conformant name: _kbhit. See online help for details.
  c:\program files (x86)\windows kits\10\include\10.0.17763.0\ucrt\conio.h(459): note: 参见“kbhit”的声明
f:\c++\game2d\attackgamenew\attackgame\gamemain.cpp(497): warning C4996: 'fopen': This function or variable may be unsafe. Consider using fopen_s instead. To disable deprecation, use _CRT_SECURE_NO_WARNINGS. See online help for details.
  c:\program files (x86)\windows kits\10\include\10.0.17763.0\ucrt\stdio.h(208): note: 参见“fopen”的声明
f:\c++\game2d\attackgamenew\attackgame\gamemain.cpp(498): warning C4996: 'fopen': This function or variable may be unsafe. Consider using fopen_s instead. To disable deprecation, use _CRT_SECURE_NO_WARNINGS. See online help for details.
  c:\program files (x86)\windows kits\10\include\10.0.17763.0\ucrt\stdio.h(208): note: 参见“fopen”的声明
f:\c++\game2d\attackgamenew\attackgame\gamemain.cpp(513): warning C4996: 'fopen': This function or variable may be unsafe. Consider using fopen_s instead. To disable deprecation, use _CRT_SECURE_NO_WARNINGS. See online help for details.
  c:\program files (x86)\windows kits\10\include\10.0.17763.0\ucrt\stdio.h(208): note: 参见“fopen”的声明
f:\c++\game2d\attackgamenew\attackgame\gamemain.cpp(517): warning C4996: 'fopen': This function or variable may be unsafe. Consider using fopen_s instead. To disable deprecation, use _CRT_SECURE_NO_WARNINGS. See online help for details.
  c:\program files (x86)\windows kits\10\include\10.0.17763.0\ucrt\stdio.h(208): note: 参见“fopen”的声明
f:\c++\game2d\attackgamenew\attackgame\gamemain.cpp(522): warning C4996: 'fscanf': This function or variable may be unsafe. Consider using fscanf_s instead. To disable deprecation, use _CRT_SECURE_NO_WARNINGS. See online help for details.
  c:\program files (x86)\windows kits\10\include\10.0.17763.0\ucrt\stdio.h(1197): note: 参见“fscanf”的声明
f:\c++\game2d\attackgamenew\attackgame\gamemain.cpp(524): warning C4996: 'fscanf': This function or variable may be unsafe. Consider using fscanf_s instead. To disable deprecation, use _CRT_SECURE_NO_WARNINGS. See online help for details.
  c:\program files (x86)\windows kits\10\include\10.0.17763.0\ucrt\stdio.h(1197): note: 参见“fscanf”的声明
  正在生成代码
  4 of 97 functions ( 4.1%) were compiled, the rest were copied from previous compilation.
    2 functions were new in current compilation
    1 functions had inline decision re-evaluated but remain unchanged
  已完成代码的生成
  AttackGame.vcxproj -> F:\C++\Game2D\AttackGameNew\Release\AttackGame.exe
